<?xml version="1.0" encoding="utf-8"?><testsuites name="pytest tests"><testsuite name="pytest" errors="0" failures="0" skipped="0" tests="26" time="12.990" timestamp="2026-05-14T09:20:03.348953+00:00" hostname="agent-env-9ed633aa-5a14-49e1-a2c0-051dfdf51e66"><testcase classname="backend.tests.backend_test.TestHealth" name="test_root" time="0.228" /><testcase classname="backend.tests.backend_test.TestHealth" name="test_health" time="0.217" /><testcase classname="backend.tests.backend_test.TestAuth" name="test_register_creates_user_and_sets_cookies" time="0.463" /><testcase classname="backend.tests.backend_test.TestAuth" name="test_register_duplicate" time="0.410" /><testcase classname="backend.tests.backend_test.TestAuth" name="test_login_admin_sets_cookies" time="0.343" /><testcase classname="backend.tests.backend_test.TestAuth" name="test_me_with_cookie" time="0.511" /><testcase classname="backend.tests.backend_test.TestAuth" name="test_me_without_cookie_401" time="0.119" /><testcase classname="backend.tests.backend_test.TestAuth" name="test_logout_clears_cookies" time="0.788" /><testcase classname="backend.tests.backend_test.TestAuth" name="test_brute_force_lockout" time="1.873" /><testcase classname="backend.tests.backend_test.TestDomains" name="test_create_and_list_domain" time="0.544" /><testcase classname="backend.tests.backend_test.TestDomains" name="test_dns_records" time="0.069" /><testcase classname="backend.tests.backend_test.TestDomains" name="test_verify_domain" time="0.151" /><testcase classname="backend.tests.backend_test.TestDomains" name="test_verify_against_real_domain_structure" time="0.251" /><testcase classname="backend.tests.backend_test.TestDomains" name="test_delete_domain_cascades" time="0.748" /><testcase classname="backend.tests.backend_test.TestMailboxes" name="test_create_update_delete" time="0.561" /><testcase classname="backend.tests.backend_test.TestMailboxes" name="test_mailbox_requires_own_domain" time="0.524" /><testcase classname="backend.tests.backend_test.TestAliases" name="test_alias_crud_and_catchall" time="0.278" /><testcase classname="backend.tests.backend_test.TestRelays" name="test_create_relay_and_default_exclusivity" time="0.342" /><testcase classname="backend.tests.backend_test.TestSendAndLogs" name="test_send_with_invalid_relay_creates_failed_log" time="0.923" /><testcase classname="backend.tests.backend_test.TestSendAndLogs" name="test_send_without_relay_uses_default" time="1.346" /><testcase classname="backend.tests.backend_test.TestSendAndLogs" name="test_retry_log" time="1.320" /><testcase classname="backend.tests.backend_test.TestSendAndLogs" name="test_delete_log" time="0.068" /><testcase classname="backend.tests.backend_test.TestStats" name="test_stats" time="0.070" /><testcase classname="backend.tests.backend_test.TestStats" name="test_deliverability" time="0.072" /><testcase classname="backend.tests.backend_test.TestIsolation" name="test_user_b_cannot_see_user_a_resources" time="0.485" /><testcase classname="backend.tests.backend_test.TestIsolation" name="test_user_b_cannot_modify_user_a_relay" time="0.210" /></testsuite></testsuites>